Arguments: 
  /home/wesselvdv/.nodenv/versions/14.10.1/bin/node /home/wesselvdv/.nodenv/versions/14.10.1/bin/yarn set version berr

PATH: 
  /home/wesselvdv/.nodenv/versions/14.10.1/bin:/usr/lib/nodenv/libexec:/home/wesselvdv/.nodenv/plugins/xxenv-latest/bin:/home/wesselvdv/.nodenv/shims:/home/wesselvdv/.pyenv/shims:/home/wesselvdv/.goenv/versions/1.15.2/bin:/home/wesselvdv/.goenv/shims:/home/wesselvdv/.rbenv/shims:/home/wesselvdv/.goenv/shims:/home/wesselvdv/.zplug/bin:/home/wesselvdv/Projects/inner-graph-bug/node_modules/.bin:/usr/local/sbin:/usr/local/bin:/usr/bin:/usr/lib/jvm/default/bin:/usr/bin/site_perl:/usr/bin/vendor_perl:/usr/bin/core_perl:/home/wesselvdv/.local/bin/i3cmds:/home/wesselvdv/.local/bin/cron:/home/wesselvdv/.local/bin/statusbar:/home/wesselvdv/.local/bin:/home/wesselvdv/.zplug/repos/RiverGlide/zsh-goenv/goenv/bin:/home/wesselvdv/.zplug/repos/RiverGlide/zsh-goenv/goenv/plugins/go-build/bin:/home/wesselvdv/go/1.15.2/bin

Yarn version: 
  1.22.10

Node version: 
  14.10.1

Platform: 
  linux x64

Trace: 
  Error: Release not found: berr
      at /home/wesselvdv/.nodenv/versions/14.10.1/lib/node_modules/yarn/lib/cli.js:89857:17
      at Generator.next (<anonymous>)
      at step (/home/wesselvdv/.nodenv/versions/14.10.1/lib/node_modules/yarn/lib/cli.js:310:30)
      at /home/wesselvdv/.nodenv/versions/14.10.1/lib/node_modules/yarn/lib/cli.js:321:13
      at processTicksAndRejections (internal/process/task_queues.js:93:5)

npm manifest: 
  {
    "name": "inner-graph-bug",
    "version": "1.0.0",
    "description": "",
    "main": "index.js",
    "private": true,
    "scripts": {
      "build": "npx webpack"
    },
    "author": "Wessel van der Veen",
    "license": "ISC",
    "dependencies": {
      "@effect-ts/core": "0.15.0",
      "@effect-ts/node": "0.6.0",
      "@effect-ts/system": "0.12.0",
      "@effect-ts/tracing-utils": "0.3.0"
    },
    "devDependencies": {
      "@effect-ts/tracing-plugin": "0.3.0",
      "typescript": "4.1.5",
      "@types/terser-webpack-plugin": "5.0.2",
      "@types/webpack": "4.41.26",
      "terser-webpack-plugin": "5.1.1",
      "ts-loader": "8.0.17",
      "ts-node": "9.1.1",
      "ttypescript": "1.5.12",
      "typescript-transform-paths": "2.2.3",
      "webpack": "5.21.2",
      "webpack-cli": "4.5.0",
      "webpack-node-externals": "2.5.2"
    }
  }

yarn manifest: 
  No manifest

Lockfile: 
  No lockfile
